<?xml version="1.0" encoding="UTF-8"?>
<!-- Generated by org.testng.reporters.JUnitXMLReporter -->
<testsuite ignored="0" hostname="DESKTOP-Q2RM1HI" failures="0" tests="6" name="chromTest" time="32.636" errors="0" timestamp="2021-12-29T18:12:07 IST">
  <testcase classname="testExample.LoginTest" name="verifyLogo" time="1.578"/>
  <testcase classname="testExample.LoginTest" name="verifyTitle" time="0.166"/>
  <testcase classname="testExample.LoginTest" name="login" time="8.515"/>
  <testcase classname="testExample.LoginTest" name="logout" time="0.731"/>
  <testcase classname="testExample.Search_CustomerTest" name="emailField" time="23.212"/>
  <testcase classname="testExample.AddTest" name="Clickcustomer" time="22.279"/>
</testsuite> <!-- chromTest -->
