<?xml version="1.0" encoding="UTF-8"?>
<!-- Generated by org.testng.reporters.JUnitXMLReporter -->
<testsuite ignored="0" hostname="DESKTOP-Q2RM1HI" failures="0" tests="6" name="chromeTest" time="31.272" errors="0" timestamp="2021-12-29T23:06:07 IST">
  <testcase classname="testExample.LoginTest" name="verifyLogo" time="0.9"/>
  <testcase classname="testExample.LoginTest" name="verifyTitle" time="0.137"/>
  <testcase classname="testExample.LoginTest" name="login" time="9.18"/>
  <testcase classname="testExample.LoginTest" name="logout" time="0.785"/>
  <testcase classname="testExample.Search_CustomerTest" name="search_cust" time="20.176"/>
  <testcase classname="testExample.AddTest" name="addCustomer" time="20.791"/>
</testsuite> <!-- chromeTest -->
