<?xml version="1.0" encoding="UTF-8"?>
<!-- Generated by org.testng.reporters.JUnitXMLReporter -->
<testsuite ignored="0" hostname="DESKTOP-Q2RM1HI" failures="0" tests="6" name="edgeTest" time="37.24" errors="0" timestamp="2021-12-29T23:06:13 IST">
  <testcase classname="testExample.LoginTest" name="verifyLogo" time="0.213"/>
  <testcase classname="testExample.LoginTest" name="verifyTitle" time="0.117"/>
  <testcase classname="testExample.LoginTest" name="login" time="9.16"/>
  <testcase classname="testExample.LoginTest" name="logout" time="1.499"/>
  <testcase classname="testExample.Search_CustomerTest" name="search_cust" time="20.218"/>
  <testcase classname="testExample.AddTest" name="addCustomer" time="24.564"/>
</testsuite> <!-- edgeTest -->
