<?xml version="1.0" encoding="UTF-8"?>
<!-- Generated by org.testng.reporters.JUnitXMLReporter -->
<testsuite ignored="0" hostname="DESKTOP-Q2RM1HI" failures="0" tests="6" name="Regression_edgeTest" time="40.895" errors="0" timestamp="2021-12-30T17:34:55 IST">
  <testcase classname="testExample.LoginTest" name="verifyLogo" time="0.203"/>
  <testcase classname="testExample.LoginTest" name="verifyTitle" time="0.033"/>
  <testcase classname="testExample.LoginTest" name="login" time="7.821"/>
  <testcase classname="testExample.LoginTest" name="logout" time="2.687"/>
  <testcase classname="testExample.AddTest" name="addCustomer" time="20.456"/>
  <testcase classname="testExample.Search_CustomerTest" name="search_cust" time="27.911"/>
</testsuite> <!-- Regression_edgeTest -->
