<?xml version="1.0" encoding="UTF-8"?>
<!-- Generated by org.testng.reporters.JUnitXMLReporter -->
<testsuite ignored="0" hostname="DESKTOP-Q2RM1HI" failures="0" tests="6" name="RegressionTest" time="34.775" errors="0" timestamp="2021-12-30T17:34:49 IST">
  <testcase classname="testExample.LoginTest" name="verifyLogo" time="0.295"/>
  <testcase classname="testExample.LoginTest" name="verifyTitle" time="0.016"/>
  <testcase classname="testExample.LoginTest" name="login" time="10.992"/>
  <testcase classname="testExample.LoginTest" name="logout" time="0.902"/>
  <testcase classname="testExample.AddTest" name="addCustomer" time="20.927"/>
  <testcase classname="testExample.Search_CustomerTest" name="search_cust" time="23.574"/>
</testsuite> <!-- RegressionTest -->
