<?xml version="1.0" encoding="UTF-8"?>
<!-- Generated by org.testng.reporters.JUnitXMLReporter -->
<testsuite ignored="0" hostname="DESKTOP-Q2RM1HI" failures="0" tests="6" name="Test" time="23.833" errors="0" timestamp="2022-01-08T20:59:28 IST">
  <testcase classname="testExample.LoginTest" name="verifyLogo" time="0.121"/>
  <testcase classname="testExample.LoginTest" name="verifyTitle" time="0.015"/>
  <testcase classname="testExample.LoginTest" name="login" time="5.252"/>
  <testcase classname="testExample.LoginTest" name="logout" time="1.016"/>
  <testcase classname="testExample.AddTest" name="addCustomer" time="13.608"/>
  <testcase classname="testExample.Search_CustomerTest" name="search_cust" time="13.863"/>
</testsuite> <!-- Test -->
