<?xml version="1.0" encoding="UTF-8"?>
<testng-results ignored="0" total="6" passed="6" failed="0" skipped="0">
  <reporter-output>
  </reporter-output>
  <suite started-at="2022-01-08T20:59:04 IST" name="Suite" finished-at="2022-01-08T20:59:28 IST" duration-ms="23833">
    <groups>
    </groups>
    <test started-at="2022-01-08T20:59:04 IST" name="Test" finished-at="2022-01-08T20:59:28 IST" duration-ms="23833">
      <class name="testExample.AddTest">
        <test-method is-config="true" signature="lanunchApp(java.lang.String)[pri:0, instance:testExample.AddTest@35a9782c]" started-at="2022-01-08T20:59:05 IST" name="lanunchApp" finished-at="2022-01-08T20:59:10 IST" duration-ms="5804" status="PASS">
          <params>
            <param index="0">
              <value>
                <![CDATA[chrome]]>
              </value>
            </param>
          </params>
          <reporter-output>
          </reporter-output>
        </test-method> <!-- lanunchApp -->
        <test-method signature="addCustomer()[pri:1, instance:testExample.AddTest@35a9782c]" started-at="2022-01-08T20:59:10 IST" name="addCustomer" finished-at="2022-01-08T20:59:24 IST" duration-ms="13608" status="PASS">
          <reporter-output>
          </reporter-output>
        </test-method> <!-- addCustomer -->
        <test-method is-config="true" signature="closeApp()[pri:0, instance:testExample.AddTest@35a9782c]" started-at="2022-01-08T20:59:24 IST" name="closeApp" finished-at="2022-01-08T20:59:28 IST" duration-ms="4109" status="PASS">
          <reporter-output>
          </reporter-output>
        </test-method> <!-- closeApp -->
      </class> <!-- testExample.AddTest -->
      <class name="testExample.LoginTest">
        <test-method is-config="true" signature="lanunchApp(java.lang.String)[pri:0, instance:testExample.LoginTest@50ecde95]" started-at="2022-01-08T20:59:05 IST" name="lanunchApp" finished-at="2022-01-08T20:59:10 IST" duration-ms="5718" status="PASS">
          <params>
            <param index="0">
              <value>
                <![CDATA[chrome]]>
              </value>
            </param>
          </params>
          <reporter-output>
          </reporter-output>
        </test-method> <!-- lanunchApp -->
        <test-method signature="verifyLogo()[pri:0, instance:testExample.LoginTest@50ecde95]" started-at="2022-01-08T20:59:10 IST" name="verifyLogo" finished-at="2022-01-08T20:59:10 IST" duration-ms="121" status="PASS">
          <reporter-output>
          </reporter-output>
        </test-method> <!-- verifyLogo -->
        <test-method signature="verifyTitle()[pri:1, instance:testExample.LoginTest@50ecde95]" started-at="2022-01-08T20:59:10 IST" name="verifyTitle" finished-at="2022-01-08T20:59:10 IST" duration-ms="15" status="PASS">
          <reporter-output>
          </reporter-output>
        </test-method> <!-- verifyTitle -->
        <test-method signature="login()[pri:2, instance:testExample.LoginTest@50ecde95]" started-at="2022-01-08T20:59:10 IST" name="login" finished-at="2022-01-08T20:59:16 IST" duration-ms="5252" status="PASS">
          <reporter-output>
          </reporter-output>
        </test-method> <!-- login -->
        <test-method signature="logout()[pri:2, instance:testExample.LoginTest@50ecde95]" started-at="2022-01-08T20:59:16 IST" name="logout" finished-at="2022-01-08T20:59:17 IST" duration-ms="1016" status="PASS">
          <reporter-output>
          </reporter-output>
        </test-method> <!-- logout -->
        <test-method is-config="true" signature="closeApp()[pri:0, instance:testExample.LoginTest@50ecde95]" started-at="2022-01-08T20:59:17 IST" name="closeApp" finished-at="2022-01-08T20:59:24 IST" duration-ms="6839" status="PASS">
          <reporter-output>
          </reporter-output>
        </test-method> <!-- closeApp -->
      </class> <!-- testExample.LoginTest -->
      <class name="testExample.Search_CustomerTest">
        <test-method is-config="true" signature="lanunchApp(java.lang.String)[pri:0, instance:testExample.Search_CustomerTest@70a36a66]" started-at="2022-01-08T20:59:05 IST" name="lanunchApp" finished-at="2022-01-08T20:59:10 IST" duration-ms="5721" status="PASS">
          <params>
            <param index="0">
              <value>
                <![CDATA[chrome]]>
              </value>
            </param>
          </params>
          <reporter-output>
          </reporter-output>
        </test-method> <!-- lanunchApp -->
        <test-method signature="search_cust()[pri:1, instance:testExample.Search_CustomerTest@70a36a66]" started-at="2022-01-08T20:59:10 IST" name="search_cust" finished-at="2022-01-08T20:59:24 IST" duration-ms="13863" status="PASS">
          <reporter-output>
          </reporter-output>
        </test-method> <!-- search_cust -->
        <test-method is-config="true" signature="closeApp()[pri:0, instance:testExample.Search_CustomerTest@70a36a66]" started-at="2022-01-08T20:59:24 IST" name="closeApp" finished-at="2022-01-08T20:59:28 IST" duration-ms="4199" status="PASS">
          <reporter-output>
          </reporter-output>
        </test-method> <!-- closeApp -->
      </class> <!-- testExample.Search_CustomerTest -->
    </test> <!-- Test -->
  </suite> <!-- Suite -->
</testng-results>
